app/build/intermediates/manifest_merge_blame_file/release/processReleaseMainManifest/manifest-merger-blame-release-report.txt
1<?xml version="1.0" encoding="utf-8"?>
2<manifest xmlns:android="http://schemas.android.com/apk/res/android"
3    package="com.lemoneko.endfieldcharge"
4    android:versionCode="1"
5    android:versionName="0.1.0" >
6
7    <uses-sdk
8        android:minSdkVersion="35"
9        android:targetSdkVersion="35" />
10
11    <application
11-->src\main\AndroidManifest.xml:4:5-25:19
12        android:description="@string/xposed_description"
12-->src\main\AndroidManifest.xml:6:9-57
13        android:extractNativeLibs="false"
14        android:label="@string/app_name"
14-->src\main\AndroidManifest.xml:5:9-41
15        android:supportsRtl="true" >
15-->src\main\AndroidManifest.xml:7:9-35
16        <activity
16-->src\main\AndroidManifest.xml:9:9-18:20
17            android:name="com.lemoneko.endfieldcharge.ui.MainActivity"
17-->src\main\AndroidManifest.xml:10:13-44
18            android:exported="true"
18-->src\main\AndroidManifest.xml:11:13-36
19            android:label="@string/app_name"
19-->src\main\AndroidManifest.xml:12:13-45
20            android:theme="@android:style/Theme.DeviceDefault.NoActionBar" >
20-->src\main\AndroidManifest.xml:13:13-75
21            <intent-filter>
21-->src\main\AndroidManifest.xml:14:13-17:29
22                <action android:name="android.intent.action.MAIN" />
22-->src\main\AndroidManifest.xml:15:17-69
22-->src\main\AndroidManifest.xml:15:25-66
23
24                <category android:name="android.intent.category.LAUNCHER" />
24-->src\main\AndroidManifest.xml:16:17-77
24-->src\main\AndroidManifest.xml:16:27-74
25            </intent-filter>
26        </activity>
27
28        <provider
29            android:name="com.lemoneko.endfieldcharge.settings.SettingsProvider"
29-->src\main\AndroidManifest.xml:21:13-54
30            android:authorities="com.lemoneko.endfieldcharge.settings"
30-->src\main\AndroidManifest.xml:22:13-60
31            android:exported="true" />
31-->src\main\AndroidManifest.xml:23:13-36
32    </application>
33
34</manifest>